<?xml version="1.0" encoding="UTF-8"?>
<!-- Generated by org.testng.reporters.JUnitXMLReporter -->
<testsuite ignored="0" hostname="LTIN446841" failures="0" tests="3" name="SeleniumTesting" time="296.821" errors="0" timestamp="26 Jun 2023 16:39:00 GMT">
  <testcase classname="TestSuites.TestCases" name="emicalc" time="19.599"/>
  <testcase classname="TestSuites.TestCases" name="homeloan" time="261.254"/>
  <testcase classname="TestSuites.TestCases" name="loancalc" time="7.929"/>
</testsuite> <!-- SeleniumTesting -->
