<?xml version="1.0" encoding="UTF-8"?>
<testng-results ignored="0" total="3" passed="3" failed="0" skipped="0">
  <reporter-output>
  </reporter-output>
  <suite started-at="2023-07-13T12:23:38 IST" name="Default suite" finished-at="2023-07-13T12:24:29 IST" duration-ms="50095">
    <groups>
    </groups>
    <test started-at="2023-07-13T12:23:38 IST" name="Default test" finished-at="2023-07-13T12:24:29 IST" duration-ms="50095">
      <class name="TestSuites.TestCases">
        <test-method is-config="true" signature="invokeBrowser()[pri:0, instance:TestSuites.TestCases@6a57ae10]" started-at="2023-07-13T12:23:38 IST" name="invokeBrowser" finished-at="2023-07-13T12:23:51 IST" duration-ms="12150" status="PASS">
          <reporter-output>
          </reporter-output>
        </test-method> <!-- invokeBrowser -->
        <test-method signature="emicalc()[pri:1, instance:TestSuites.TestCases@6a57ae10]" started-at="2023-07-13T12:23:51 IST" name="emicalc" finished-at="2023-07-13T12:24:06 IST" duration-ms="14860" status="PASS">
          <reporter-output>
          </reporter-output>
        </test-method> <!-- emicalc -->
        <test-method signature="homeloan()[pri:2, instance:TestSuites.TestCases@6a57ae10]" started-at="2023-07-13T12:24:06 IST" name="homeloan" finished-at="2023-07-13T12:24:17 IST" duration-ms="11862" status="PASS">
          <reporter-output>
          </reporter-output>
        </test-method> <!-- homeloan -->
        <test-method signature="loancalc()[pri:3, instance:TestSuites.TestCases@6a57ae10]" started-at="2023-07-13T12:24:17 IST" name="loancalc" finished-at="2023-07-13T12:24:27 IST" duration-ms="9438" status="PASS">
          <reporter-output>
          </reporter-output>
        </test-method> <!-- loancalc -->
        <test-method is-config="true" signature="closeBrowser()[pri:0, instance:TestSuites.TestCases@6a57ae10]" started-at="2023-07-13T12:24:27 IST" name="closeBrowser" finished-at="2023-07-13T12:24:29 IST" duration-ms="1692" status="PASS">
          <reporter-output>
          </reporter-output>
        </test-method> <!-- closeBrowser -->
      </class> <!-- TestSuites.TestCases -->
    </test> <!-- Default test -->
  </suite> <!-- Default suite -->
</testng-results>
